[debug] [2021-04-05T13:38:01.326Z] ----------------------------------------------------------------------
[debug] [2021-04-05T13:38:01.329Z] Command:       /usr/local/bin/node /usr/local/bin/firebase init
[debug] [2021-04-05T13:38:01.330Z] CLI Version:   9.8.0
[debug] [2021-04-05T13:38:01.330Z] Platform:      darwin
[debug] [2021-04-05T13:38:01.330Z] Node Version:  v14.15.3
[debug] [2021-04-05T13:38:01.333Z] Time:          Mon Apr 05 2021 21:38:01 GMT+0800 (Philippine Standard Time)
[debug] [2021-04-05T13:38:01.334Z] ----------------------------------------------------------------------
[debug] 
[debug] [2021-04-05T13:38:01.345Z] > command requires scopes: ["email","openid","https://www.googleapis.com/auth/cloudplatformprojects.readonly","https://www.googleapis.com/auth/firebase","https://www.googleapis.com/auth/cloud-platform"]
[debug] [2021-04-05T13:38:01.346Z] > authorizing via signed-in user
[info] 
     ######## #### ########  ######## ########     ###     ######  ########
     ##        ##  ##     ## ##       ##     ##  ##   ##  ##       ##
     ######    ##  ########  ######   ########  #########  ######  ######
     ##        ##  ##    ##  ##       ##     ## ##     ##       ## ##
     ##       #### ##     ## ######## ########  ##     ##  ######  ########

You're about to initialize a Firebase project in this directory:

  /Users/jaggarganera/Desktop/jhagg-project/react-project/netflix-clone

[info] 
=== Project Setup
[info] 
[info] First, let's associate this project directory with a Firebase project.
[info] You can create multiple project aliases by running firebase use --add, 
[info] but for now we'll just set up a default project.
[info] 
[debug] [2021-04-05T13:38:45.959Z] >>> [apiv2][query] GET https://firebase.googleapis.com/v1beta1/projects pageSize=100
[debug] [2021-04-05T13:38:47.195Z] <<< [apiv2][status] GET https://firebase.googleapis.com/v1beta1/projects 200
[debug] [2021-04-05T13:38:47.196Z] <<< [apiv2][body] GET https://firebase.googleapis.com/v1beta1/projects [omitted]
[info] i  Using project netflix-clone-669fb (netflix-clone) 
[info] 
=== Hosting Setup
[info] 
[info] Your public directory is the folder (relative to your project directory) that
[info] will contain Hosting assets to be uploaded with firebase deploy. If you
[info] have a build process for your assets, use your build's output directory.
[info] 
